<?xml version="1.0" encoding="UTF-8" ?>
<testsuite failures="1" time="4.88" errors="1" skipped="0" tests="3" name="CorrectorTest">
  <properties>
[...]
</properties>
  <testcase time="3.722" classname="CorrectorTest" name="testCompoundCorrector"/>
  <testcase time="0.602" classname="CorrectorTest" name="testWorkingSentence">
    <error message="Server returned HTTP response code: 503 for URL: http://service.afterthedeadline.com/checkGrammar?key=tuapikeyABCDABCDABCDABCDABCDABCDABCDABCD&amp;data=Seems+to+CatiaV5+aren%27t+installed+correctly" type="java.io.IOException">java.io.IOException: Server returned HTTP response code: 503 for URL: http://service.afterthedeadline.com/checkGrammar?key=tuapikeyABCDABCDABCDABCDABCDABCDABCDABCD&amp;data=Seems+to+CatiaV5+aren%27t+installed+correctly
	at sun.net.www.protocol.http.HttpURLConnection.getInputStream(HttpURLConnection.java:1403)
	at tu.coreservice.spellcorrector.SpellCorrectorAfterTheDeadline.sendRequest(SpellCorrectorAfterTheDeadline.scala:55)
	at tu.coreservice.spellcorrector.SpellCorrectorCompound.correctSentence(SpellCorrectorCompound.scala:23)
	at CorrectorTest.testWorkingSentence(CorrectorTest.scala:23)
	at sun.reflect.NativeMethodAccessorImpl.invoke0(Native Method)
	at sun.reflect.NativeMethodAccessorImpl.invoke(NativeMethodAccessorImpl.java:57)
	at sun.reflect.DelegatingMethodAccessorImpl.invoke(DelegatingMethodAccessorImpl.java:43)
	at java.lang.reflect.Method.invoke(Method.java:616)
	at org.junit.runners.model.FrameworkMethod$1.runReflectiveCall(FrameworkMethod.java:44)
	at org.junit.internal.runners.model.ReflectiveCallable.run(ReflectiveCallable.java:15)
	at org.junit.runners.model.FrameworkMethod.invokeExplosively(FrameworkMethod.java:41)
	at org.junit.internal.runners.statements.InvokeMethod.evaluate(InvokeMethod.java:20)
	at org.junit.runners.BlockJUnit4ClassRunner.runChild(BlockJUnit4ClassRunner.java:76)
	at org.junit.runners.BlockJUnit4ClassRunner.runChild(BlockJUnit4ClassRunner.java:50)
	at org.junit.runners.ParentRunner$3.run(ParentRunner.java:193)
	at org.junit.runners.ParentRunner$1.schedule(ParentRunner.java:52)
	at org.junit.runners.ParentRunner.runChildren(ParentRunner.java:191)
	at org.junit.runners.ParentRunner.access$000(ParentRunner.java:42)
	at org.junit.runners.ParentRunner$2.evaluate(ParentRunner.java:184)
	at org.junit.runners.ParentRunner.run(ParentRunner.java:236)
	at org.apache.maven.surefire.junit4.JUnit4TestSet.execute(JUnit4TestSet.java:53)
	at org.apache.maven.surefire.junit4.JUnit4Provider.executeTestSet(JUnit4Provider.java:123)
	at org.apache.maven.surefire.junit4.JUnit4Provider.invoke(JUnit4Provider.java:104)
	at sun.reflect.NativeMethodAccessorImpl.invoke0(Native Method)
	at sun.reflect.NativeMethodAccessorImpl.invoke(NativeMethodAccessorImpl.java:57)
	at sun.reflect.DelegatingMethodAccessorImpl.invoke(DelegatingMethodAccessorImpl.java:43)
	at java.lang.reflect.Method.invoke(Method.java:616)
	at org.apache.maven.surefire.util.ReflectionUtils.invokeMethodWithArray(ReflectionUtils.java:164)
	at org.apache.maven.surefire.booter.ProviderFactory$ProviderProxy.invoke(ProviderFactory.java:110)
	at org.apache.maven.surefire.booter.SurefireStarter.invokeProvider(SurefireStarter.java:175)
	at org.apache.maven.surefire.booter.SurefireStarter.runSuitesInProcessWhenForked(SurefireStarter.java:107)
	at org.apache.maven.surefire.booter.ForkedBooter.main(ForkedBooter.java:68)
</error>
    <system-out>[DEBUG][org.xeustechnologies.googleapi.spelling.SpellChecker] - &lt;?xml version=&quot;1.0&quot; encoding=&quot;UTF-8&quot; standalone=&quot;yes&quot;?&gt;&lt;spellrequest textalreadyclipped=&quot;0&quot; ignoredigits=&quot;1&quot; ignoreallcaps=&quot;1&quot; ignoredups=&quot;1&quot;&gt;&lt;text&gt;Seems to CatiaV5 aren?t installed correcly&lt;/text&gt;&lt;/spellrequest&gt;
[DEBUG][org.xeustechnologies.googleapi.spelling.SpellChecker] - &lt;?xml version=&quot;1.0&quot; encoding=&quot;UTF-8&quot;?&gt;&lt;spellresult error=&quot;0&quot; clipped=&quot;0&quot; charschecked=&quot;42&quot;&gt;&lt;c o=&quot;9&quot; l=&quot;7&quot; s=&quot;1&quot;&gt;Catia V5&lt;/c&gt;&lt;c o=&quot;17&quot; l=&quot;6&quot; s=&quot;1&quot;&gt;aren&apos;t&lt;/c&gt;&lt;c o=&quot;34&quot; l=&quot;8&quot; s=&quot;1&quot;&gt;correctly	correct	coracle	curricle	crackly&lt;/c&gt;&lt;/spellresult&gt;
</system-out>
  </testcase>
  <testcase time="0.495" classname="CorrectorTest" name="testAdditional">
    <failure type="java.lang.AssertionError:">java.lang.AssertionError: 
	at org.junit.Assert.fail(Assert.java:91)
	at org.junit.Assert.assertTrue(Assert.java:43)
	at org.junit.Assert.assertTrue(Assert.java:54)
	at CorrectorTest.testAdditional(CorrectorTest.scala:36)
	at sun.reflect.NativeMethodAccessorImpl.invoke0(Native Method)
	at sun.reflect.NativeMethodAccessorImpl.invoke(NativeMethodAccessorImpl.java:57)
	at sun.reflect.DelegatingMethodAccessorImpl.invoke(DelegatingMethodAccessorImpl.java:43)
	at java.lang.reflect.Method.invoke(Method.java:616)
	at org.junit.runners.model.FrameworkMethod$1.runReflectiveCall(FrameworkMethod.java:44)
	at org.junit.internal.runners.model.ReflectiveCallable.run(ReflectiveCallable.java:15)
	at org.junit.runners.model.FrameworkMethod.invokeExplosively(FrameworkMethod.java:41)
	at org.junit.internal.runners.statements.InvokeMethod.evaluate(InvokeMethod.java:20)
	at org.junit.runners.BlockJUnit4ClassRunner.runChild(BlockJUnit4ClassRunner.java:76)
	at org.junit.runners.BlockJUnit4ClassRunner.runChild(BlockJUnit4ClassRunner.java:50)
	at org.junit.runners.ParentRunner$3.run(ParentRunner.java:193)
	at org.junit.runners.ParentRunner$1.schedule(ParentRunner.java:52)
	at org.junit.runners.ParentRunner.runChildren(ParentRunner.java:191)
	at org.junit.runners.ParentRunner.access$000(ParentRunner.java:42)
	at org.junit.runners.ParentRunner$2.evaluate(ParentRunner.java:184)
	at org.junit.runners.ParentRunner.run(ParentRunner.java:236)
	at org.apache.maven.surefire.junit4.JUnit4TestSet.execute(JUnit4TestSet.java:53)
	at org.apache.maven.surefire.junit4.JUnit4Provider.executeTestSet(JUnit4Provider.java:123)
	at org.apache.maven.surefire.junit4.JUnit4Provider.invoke(JUnit4Provider.java:104)
	at sun.reflect.NativeMethodAccessorImpl.invoke0(Native Method)
	at sun.reflect.NativeMethodAccessorImpl.invoke(NativeMethodAccessorImpl.java:57)
	at sun.reflect.DelegatingMethodAccessorImpl.invoke(DelegatingMethodAccessorImpl.java:43)
	at java.lang.reflect.Method.invoke(Method.java:616)
	at org.apache.maven.surefire.util.ReflectionUtils.invokeMethodWithArray(ReflectionUtils.java:164)
	at org.apache.maven.surefire.booter.ProviderFactory$ProviderProxy.invoke(ProviderFactory.java:110)
	at org.apache.maven.surefire.booter.SurefireStarter.invokeProvider(SurefireStarter.java:175)
	at org.apache.maven.surefire.booter.SurefireStarter.runSuitesInProcessWhenForked(SurefireStarter.java:107)
	at org.apache.maven.surefire.booter.ForkedBooter.main(ForkedBooter.java:68)
</failure>
    <system-out>[DEBUG][org.xeustechnologies.googleapi.spelling.SpellChecker] - &lt;?xml version=&quot;1.0&quot; encoding=&quot;UTF-8&quot; standalone=&quot;yes&quot;?&gt;&lt;spellrequest textalreadyclipped=&quot;0&quot; ignoredigits=&quot;1&quot; ignoreallcaps=&quot;1&quot; ignoredups=&quot;1&quot;&gt;&lt;text&gt;It?s a Vista-PC&lt;/text&gt;&lt;/spellrequest&gt;
[DEBUG][org.xeustechnologies.googleapi.spelling.SpellChecker] - &lt;?xml version=&quot;1.0&quot; encoding=&quot;UTF-8&quot;?&gt;&lt;spellresult error=&quot;0&quot; clipped=&quot;0&quot; charschecked=&quot;15&quot;&gt;&lt;/spellresult&gt;
</system-out>
  </testcase>
</testsuite>